TN:
SF:src/cli.ts
FN:22,(anonymous_9)
FN:31,(anonymous_10)
FN:35,(anonymous_11)
FNF:3
FNH:0
FNDA:0,(anonymous_9)
FNDA:0,(anonymous_10)
FNDA:0,(anonymous_11)
DA:3,0
DA:4,0
DA:6,0
DA:9,0
DA:10,0
DA:16,0
DA:23,0
DA:25,0
DA:26,0
DA:27,0
DA:31,0
DA:32,0
DA:35,0
DA:36,0
DA:37,0
DA:38,0
DA:39,0
DA:43,0
DA:44,0
DA:47,0
DA:49,0
DA:51,0
DA:52,0
DA:57,0
LF:24
LH:0
BRDA:25,0,0,0
BRDA:43,1,0,0
BRDA:43,1,1,0
BRDA:51,2,0,0
BRDA:51,2,1,0
BRF:5
BRH:0
end_of_record
TN:
SF:src/index.ts
FN:43,generateWat
FN:161,generateWasm
FN:181,defaultWat2Wasm
FN:198,wabtWat2Wasm
FN:235,generateContainerFromFile
FN:255,generateContainerFromFilePath
FN:279,generateContainerFromData
FN:294,readFileAsArrayBuffer
FN:295,(anonymous_8)
FN:298,(anonymous_9)
FN:306,(anonymous_10)
FNF:11
FNH:4
FNDA:4,generateWat
FNDA:2,generateWasm
FNDA:1,defaultWat2Wasm
FNDA:0,wabtWat2Wasm
FNDA:0,generateContainerFromFile
FNDA:0,generateContainerFromFilePath
FNDA:1,generateContainerFromData
FNDA:0,readFileAsArrayBuffer
FNDA:0,(anonymous_8)
FNDA:0,(anonymous_9)
FNDA:0,(anonymous_10)
DA:5,1
DA:6,1
DA:9,1
DA:11,1
DA:12,1
DA:14,1
DA:15,1
DA:18,0
DA:43,1
DA:45,4
DA:47,4
DA:49,1
DA:50,3
DA:52,0
DA:53,3
DA:55,3
DA:58,0
DA:134,4
DA:135,4
DA:136,20
DA:137,20
DA:141,4
DA:161,1
DA:167,2
DA:170,2
DA:181,1
DA:184,1
DA:187,1
DA:188,1
DA:198,1
DA:200,0
DA:203,0
DA:204,0
DA:205,0
DA:206,0
DA:210,0
DA:213,0
DA:216,0
DA:219,0
DA:222,0
DA:224,0
DA:235,1
DA:241,0
DA:244,0
DA:255,1
DA:260,0
DA:261,0
DA:265,0
DA:268,0
DA:279,1
DA:285,1
DA:295,0
DA:296,0
DA:298,0
DA:299,0
DA:300,0
DA:302,0
DA:306,0
DA:307,0
DA:310,0
LF:60
LH:31
BRDA:14,0,0,1
BRDA:14,0,1,0
BRDA:43,1,0,1
BRDA:47,2,0,1
BRDA:47,2,1,3
BRDA:50,3,0,0
BRDA:50,3,1,3
BRDA:50,4,0,3
BRDA:50,4,1,3
BRDA:53,5,0,3
BRDA:53,5,1,0
BRDA:164,6,0,1
BRDA:203,7,0,0
BRDA:203,7,1,0
BRDA:203,8,0,0
BRDA:203,8,1,0
BRDA:205,9,0,0
BRDA:205,10,0,0
BRDA:205,10,1,0
BRDA:210,11,0,0
BRDA:210,11,1,0
BRDA:237,12,0,0
BRDA:238,13,0,0
BRDA:258,14,0,0
BRDA:260,15,0,0
BRDA:281,16,0,0
BRDA:282,17,0,1
BRDA:299,18,0,0
BRDA:299,18,1,0
BRF:29
BRH:10
end_of_record
