TN:
SF:src/cli.ts
FN:22,(anonymous_9)
FN:34,(anonymous_10)
FN:38,(anonymous_11)
FNF:3
FNH:0
FNDA:0,(anonymous_9)
FNDA:0,(anonymous_10)
FNDA:0,(anonymous_11)
DA:3,0
DA:4,0
DA:5,0
DA:6,0
DA:9,0
DA:10,0
DA:16,0
DA:23,0
DA:25,0
DA:28,0
DA:29,0
DA:30,0
DA:34,0
DA:35,0
DA:38,0
DA:39,0
DA:40,0
DA:41,0
DA:42,0
DA:46,0
DA:49,0
DA:50,0
DA:53,0
DA:56,0
DA:57,0
DA:58,0
DA:62,0
DA:64,0
DA:66,0
DA:67,0
DA:72,0
LF:31
LH:0
BRDA:28,0,0,0
BRDA:46,1,0,0
BRDA:46,1,1,0
BRDA:49,2,0,0
BRDA:49,2,1,0
BRDA:57,3,0,0
BRDA:66,4,0,0
BRDA:66,4,1,0
BRF:8
BRH:0
end_of_record
TN:
SF:src/index.ts
FN:43,generateWat
FN:254,generateWasm
FN:274,defaultWat2Wasm
FN:291,wabtWat2Wasm
FN:328,generateContainerFromFile
FN:348,generateContainerFromFilePath
FN:372,generateContainerFromData
FN:387,readFileAsArrayBuffer
FN:388,(anonymous_8)
FN:391,(anonymous_9)
FN:399,(anonymous_10)
FNF:11
FNH:4
FNDA:4,generateWat
FNDA:2,generateWasm
FNDA:1,defaultWat2Wasm
FNDA:0,wabtWat2Wasm
FNDA:0,generateContainerFromFile
FNDA:0,generateContainerFromFilePath
FNDA:1,generateContainerFromData
FNDA:0,readFileAsArrayBuffer
FNDA:0,(anonymous_8)
FNDA:0,(anonymous_9)
FNDA:0,(anonymous_10)
DA:5,1
DA:6,1
DA:9,1
DA:11,1
DA:12,1
DA:14,1
DA:15,1
DA:18,0
DA:43,1
DA:45,4
DA:47,4
DA:49,1
DA:50,3
DA:52,0
DA:53,3
DA:55,3
DA:62,3
DA:63,3
DA:64,3
DA:65,3
DA:66,3
DA:67,3
DA:73,3
DA:75,0
DA:151,0
DA:227,4
DA:228,4
DA:229,20
DA:230,20
DA:234,4
DA:254,1
DA:260,2
DA:263,2
DA:274,1
DA:277,1
DA:280,1
DA:281,1
DA:291,1
DA:293,0
DA:296,0
DA:297,0
DA:298,0
DA:299,0
DA:303,0
DA:306,0
DA:309,0
DA:312,0
DA:315,0
DA:317,0
DA:328,1
DA:334,0
DA:337,0
DA:348,1
DA:353,0
DA:354,0
DA:358,0
DA:361,0
DA:372,1
DA:378,1
DA:388,0
DA:389,0
DA:391,0
DA:392,0
DA:393,0
DA:395,0
DA:399,0
DA:400,0
DA:403,0
LF:68
LH:38
BRDA:14,0,0,1
BRDA:14,0,1,0
BRDA:43,1,0,1
BRDA:47,2,0,1
BRDA:47,2,1,3
BRDA:50,3,0,0
BRDA:50,3,1,3
BRDA:50,4,0,3
BRDA:50,4,1,3
BRDA:53,5,0,3
BRDA:53,5,1,0
BRDA:73,6,0,0
BRDA:257,7,0,1
BRDA:296,8,0,0
BRDA:296,8,1,0
BRDA:296,9,0,0
BRDA:296,9,1,0
BRDA:298,10,0,0
BRDA:298,11,0,0
BRDA:298,11,1,0
BRDA:303,12,0,0
BRDA:303,12,1,0
BRDA:330,13,0,0
BRDA:331,14,0,0
BRDA:351,15,0,0
BRDA:353,16,0,0
BRDA:374,17,0,0
BRDA:375,18,0,1
BRDA:392,19,0,0
BRDA:392,19,1,0
BRF:30
BRH:10
end_of_record
